\BOOKMARK [0][-]{chapter.1}{Einleitung}{}% 1
\BOOKMARK [0][-]{chapter.2}{Gr\374ndungsprozess erl\344utert}{}% 2
\BOOKMARK [1][-]{section.2.1}{Gr\374ndungsvoraussetzungen und Vorbereitungen}{chapter.2}% 3
\BOOKMARK [1][-]{section.2.2}{Rechtliche Grundlagen}{chapter.2}% 4
\BOOKMARK [2][-]{subsection.2.2.1}{Rechtsformen}{section.2.2}% 5
\BOOKMARK [2][-]{subsection.2.2.2}{Steuern}{section.2.2}% 6
\BOOKMARK [0][-]{chapter.3}{F\366rderungen und Finanzierungsm\366glichkeiten}{}% 7
\BOOKMARK [1][-]{section.3.1}{Finanzierungsm\366glichkeiten}{chapter.3}% 8
\BOOKMARK [2][-]{subsection.3.1.1}{Eigenkapital}{section.3.1}% 9
\BOOKMARK [2][-]{subsection.3.1.2}{Fremdkapital}{section.3.1}% 10
\BOOKMARK [1][-]{section.3.2}{F\366rderungen in Wien}{chapter.3}% 11
\BOOKMARK [0][-]{chapter.4}{Markt\374bersicht Wien}{}% 12
\BOOKMARK [1][-]{section.4.1}{Sproing}{chapter.4}% 13
\BOOKMARK [1][-]{section.4.2}{Mi'pu'mi}{chapter.4}% 14
\BOOKMARK [1][-]{section.4.3}{Indie-Entwickler Szene}{chapter.4}% 15
\BOOKMARK [0][-]{chapter.5}{Schlusswort}{}% 16
\BOOKMARK [0][-]{chapter.6}{Fragen zur Arbeit}{}% 17
\BOOKMARK [0][-]{chapter*.21}{Literaturverzeichnis}{}% 18
\BOOKMARK [0][-]{chapter*.22}{Abbildungsverzeichnis}{}% 19
\BOOKMARK [0][-]{section*.23}{Abk\374rzungsverzeichnis}{}% 20
